<?xml version="1.0" encoding="UTF-8"?>
<!-- Generated by org.testng.reporters.JUnitXMLReporter -->
<testsuite ignored="2" hostname="DESKTOP-AQ5NC5O" failures="1" tests="5" name="Test" time="90.053" errors="0" timestamp="2026-01-25T18:10:01 IST">
  <testcase classname="Tests.LoginTest" name="check_ValidLoginWithSoftAssert" time="0.665">
    <failure type="java.lang.AssertionError">
      <![CDATA[java.lang.AssertionError: 
at Tests.LoginTest.check_ValidLoginWithSoftAssert(LoginTest.java:72)
at java.base/java.util.concurrent.Executors$RunnableAdapter.call(Executors.java:572)
at java.base/java.util.concurrent.FutureTask.run(FutureTask.java:317)
at java.base/java.util.concurrent.ThreadPoolExecutor.runWorker(ThreadPoolExecutor.java:1144)
at java.base/java.util.concurrent.ThreadPoolExecutor$Worker.run(ThreadPoolExecutor.java:642)
at java.base/java.lang.Thread.run(Thread.java:1583)
... Removed 15 stack frames]]>
    </failure>
  </testcase> <!-- check_ValidLoginWithSoftAssert -->
  <testcase classname="Tests.LoginTest" name="checkInvalidLoginWithMulipleSet" time="13.611"/>
  <testcase classname="Tests.LoginTest" name="checkInvalidLoginWithMulipleSet" time="13.515"/>
  <testcase classname="Tests.LoginTest" name="checkInvalidLoginWithMulipleSet" time="13.045"/>
  <testcase classname="Tests.LoginTest" name="checkInvalidLoginWithMulipleSet" time="12.045"/>
  <testcase classname="Tests.LoginTest" name="check_ValidLogin" time="0.0">
    <ignored/>
  </testcase> <!-- check_ValidLogin -->
  <testcase classname="Tests.LoginTest" name="check_LoginPageTitle" time="0.0">
    <ignored/>
  </testcase> <!-- check_LoginPageTitle -->
</testsuite> <!-- Test -->
