<?xml version="1.0" encoding="UTF-8"?>
<testng-results ignored="2" total="7" passed="4" failed="1" skipped="0">
  <reporter-output>
  </reporter-output>
  <suite started-at="2026-01-25T18:08:31 IST" name="Suite" finished-at="2026-01-25T18:10:01 IST" duration-ms="90053">
    <groups>
    </groups>
    <test started-at="2026-01-25T18:08:31 IST" name="Test" finished-at="2026-01-25T18:10:01 IST" duration-ms="90053">
      <class name="Tests.LoginTest">
        <test-method is-config="true" signature="setUp()[pri:0, instance:Tests.LoginTest@4c178a76]" started-at="2026-01-25T18:08:32 IST" name="setUp" finished-at="2026-01-25T18:08:37 IST" duration-ms="5093" status="PASS">
          <reporter-output>
          </reporter-output>
        </test-method> <!-- setUp -->
        <test-method signature="check_ValidLoginWithSoftAssert()[pri:3, instance:Tests.LoginTest@4c178a76]" started-at="2026-01-25T18:08:37 IST" name="check_ValidLoginWithSoftAssert" finished-at="2026-01-25T18:08:37 IST" duration-ms="665" status="FAIL">
          <exception class="java.lang.AssertionError">
            <full-stacktrace>
              <![CDATA[java.lang.AssertionError: 
at org.testng.AssertJUnit.fail(AssertJUnit.java:65)
at org.testng.AssertJUnit.assertTrue(AssertJUnit.java:23)
at org.testng.AssertJUnit.assertFalse(AssertJUnit.java:44)
at org.testng.AssertJUnit.assertFalse(AssertJUnit.java:53)
at Tests.LoginTest.check_ValidLoginWithSoftAssert(LoginTest.java:72)
at java.base/jdk.internal.reflect.DirectMethodHandleAccessor.invoke(DirectMethodHandleAccessor.java:103)
at java.base/java.lang.reflect.Method.invoke(Method.java:580)
at org.testng.internal.invokers.MethodInvocationHelper.invokeMethod(MethodInvocationHelper.java:141)
at org.testng.internal.invokers.TestInvoker.invokeMethod(TestInvoker.java:687)
at org.testng.internal.invokers.TestInvoker.invokeTestMethod(TestInvoker.java:230)
at org.testng.internal.invokers.MethodRunner.runInSequence(MethodRunner.java:63)
at org.testng.internal.invokers.TestInvoker$MethodInvocationAgent.invoke(TestInvoker.java:995)
at org.testng.internal.invokers.TestInvoker.invokeTestMethods(TestInvoker.java:203)
at org.testng.internal.invokers.TestMethodWorker.invokeTestMethods(TestMethodWorker.java:154)
at org.testng.internal.invokers.TestMethodWorker.run(TestMethodWorker.java:134)
at java.base/java.util.concurrent.Executors$RunnableAdapter.call(Executors.java:572)
at java.base/java.util.concurrent.FutureTask.run(FutureTask.java:317)
at org.testng.internal.thread.graph.TestNGFutureTask.run(TestNGFutureTask.java:22)
at java.base/java.util.concurrent.ThreadPoolExecutor.runWorker(ThreadPoolExecutor.java:1144)
at java.base/java.util.concurrent.ThreadPoolExecutor$Worker.run(ThreadPoolExecutor.java:642)
at java.base/java.lang.Thread.run(Thread.java:1583)
]]>
            </full-stacktrace>
          </exception> <!-- java.lang.AssertionError -->
          <reporter-output>
          </reporter-output>
        </test-method> <!-- check_ValidLoginWithSoftAssert -->
        <test-method is-config="true" signature="tearDown()[pri:0, instance:Tests.LoginTest@4c178a76]" started-at="2026-01-25T18:08:37 IST" name="tearDown" finished-at="2026-01-25T18:08:38 IST" duration-ms="355" status="PASS">
          <reporter-output>
          </reporter-output>
        </test-method> <!-- tearDown -->
        <test-method is-config="true" signature="setUp()[pri:0, instance:Tests.LoginTest@4c178a76]" started-at="2026-01-25T18:08:38 IST" name="setUp" finished-at="2026-01-25T18:08:49 IST" duration-ms="10456" status="PASS">
          <reporter-output>
          </reporter-output>
        </test-method> <!-- setUp -->
        <test-method signature="checkInvalidLoginWithMulipleSet(java.lang.String,java.lang.String)[pri:4, instance:Tests.LoginTest@4c178a76]" started-at="2026-01-25T18:08:49 IST" name="checkInvalidLoginWithMulipleSet" data-provider="getDataForInvalidLogin" finished-at="2026-01-25T18:09:02 IST" duration-ms="13611" status="PASS">
          <params>
            <param index="0">
              <value>
                <![CDATA[Admin123]]>
              </value>
            </param>
            <param index="1">
              <value>
                <![CDATA[admin1234567]]>
              </value>
            </param>
          </params>
          <reporter-output>
          </reporter-output>
        </test-method> <!-- checkInvalidLoginWithMulipleSet -->
        <test-method is-config="true" signature="tearDown()[pri:0, instance:Tests.LoginTest@4c178a76]" started-at="2026-01-25T18:09:02 IST" name="tearDown" finished-at="2026-01-25T18:09:03 IST" duration-ms="167" status="PASS">
          <reporter-output>
          </reporter-output>
        </test-method> <!-- tearDown -->
        <test-method is-config="true" signature="setUp()[pri:0, instance:Tests.LoginTest@4c178a76]" started-at="2026-01-25T18:09:03 IST" name="setUp" finished-at="2026-01-25T18:09:09 IST" duration-ms="6373" status="PASS">
          <reporter-output>
          </reporter-output>
        </test-method> <!-- setUp -->
        <test-method signature="checkInvalidLoginWithMulipleSet(java.lang.String,java.lang.String)[pri:4, instance:Tests.LoginTest@4c178a76]" started-at="2026-01-25T18:09:09 IST" name="checkInvalidLoginWithMulipleSet" data-provider="getDataForInvalidLogin" finished-at="2026-01-25T18:09:23 IST" duration-ms="13515" status="PASS">
          <params>
            <param index="0">
              <value>
                <![CDATA[Admin12]]>
              </value>
            </param>
            <param index="1">
              <value>
                <![CDATA[admin1234]]>
              </value>
            </param>
          </params>
          <reporter-output>
          </reporter-output>
        </test-method> <!-- checkInvalidLoginWithMulipleSet -->
        <test-method is-config="true" signature="tearDown()[pri:0, instance:Tests.LoginTest@4c178a76]" started-at="2026-01-25T18:09:23 IST" name="tearDown" finished-at="2026-01-25T18:09:23 IST" duration-ms="137" status="PASS">
          <reporter-output>
          </reporter-output>
        </test-method> <!-- tearDown -->
        <test-method is-config="true" signature="setUp()[pri:0, instance:Tests.LoginTest@4c178a76]" started-at="2026-01-25T18:09:23 IST" name="setUp" finished-at="2026-01-25T18:09:29 IST" duration-ms="6267" status="PASS">
          <reporter-output>
          </reporter-output>
        </test-method> <!-- setUp -->
        <test-method signature="checkInvalidLoginWithMulipleSet(java.lang.String,java.lang.String)[pri:4, instance:Tests.LoginTest@4c178a76]" started-at="2026-01-25T18:09:29 IST" name="checkInvalidLoginWithMulipleSet" data-provider="getDataForInvalidLogin" finished-at="2026-01-25T18:09:42 IST" duration-ms="13045" status="PASS">
          <params>
            <param index="0">
              <value>
                <![CDATA[Admin123]]>
              </value>
            </param>
            <param index="1">
              <value>
                <![CDATA[admin12345]]>
              </value>
            </param>
          </params>
          <reporter-output>
          </reporter-output>
        </test-method> <!-- checkInvalidLoginWithMulipleSet -->
        <test-method is-config="true" signature="tearDown()[pri:0, instance:Tests.LoginTest@4c178a76]" started-at="2026-01-25T18:09:42 IST" name="tearDown" finished-at="2026-01-25T18:09:42 IST" duration-ms="181" status="PASS">
          <reporter-output>
          </reporter-output>
        </test-method> <!-- tearDown -->
        <test-method is-config="true" signature="setUp()[pri:0, instance:Tests.LoginTest@4c178a76]" started-at="2026-01-25T18:09:42 IST" name="setUp" finished-at="2026-01-25T18:09:49 IST" duration-ms="6899" status="PASS">
          <reporter-output>
          </reporter-output>
        </test-method> <!-- setUp -->
        <test-method signature="checkInvalidLoginWithMulipleSet(java.lang.String,java.lang.String)[pri:4, instance:Tests.LoginTest@4c178a76]" started-at="2026-01-25T18:09:49 IST" name="checkInvalidLoginWithMulipleSet" data-provider="getDataForInvalidLogin" finished-at="2026-01-25T18:10:01 IST" duration-ms="12045" status="PASS">
          <params>
            <param index="0">
              <value>
                <![CDATA[Admin1234]]>
              </value>
            </param>
            <param index="1">
              <value>
                <![CDATA[admin123456]]>
              </value>
            </param>
          </params>
          <reporter-output>
          </reporter-output>
        </test-method> <!-- checkInvalidLoginWithMulipleSet -->
        <test-method is-config="true" signature="tearDown()[pri:0, instance:Tests.LoginTest@4c178a76]" started-at="2026-01-25T18:10:01 IST" name="tearDown" finished-at="2026-01-25T18:10:01 IST" duration-ms="178" status="PASS">
          <reporter-output>
          </reporter-output>
        </test-method> <!-- tearDown -->
      </class> <!-- Tests.LoginTest -->
    </test> <!-- Test -->
  </suite> <!-- Suite -->
</testng-results>
