<?xml version="1.0" encoding="UTF-8"?>
<!-- Generated by org.testng.reporters.JUnitReportReporter -->
<testsuite hostname="DESKTOP-AQ5NC5O" failures="1" tests="7" name="Tests.LoginTest" time="88.987" errors="0" timestamp="2026-01-25T18:10:02 IST" skipped="2">
  <testcase classname="Tests.LoginTest" name="check_ValidLoginWithSoftAssert" time="11.258">
    <failure message="" type="java.lang.AssertionError">
      <![CDATA[java.lang.AssertionError: 
at org.testng.AssertJUnit.fail(AssertJUnit.java:65)
at org.testng.AssertJUnit.assertTrue(AssertJUnit.java:23)
at org.testng.AssertJUnit.assertFalse(AssertJUnit.java:44)
at org.testng.AssertJUnit.assertFalse(AssertJUnit.java:53)
at Tests.LoginTest.check_ValidLoginWithSoftAssert(LoginTest.java:72)
at java.base/jdk.internal.reflect.DirectMethodHandleAccessor.invoke(DirectMethodHandleAccessor.java:103)
at java.base/java.lang.reflect.Method.invoke(Method.java:580)
at org.testng.internal.invokers.MethodInvocationHelper.invokeMethod(MethodInvocationHelper.java:141)
at org.testng.internal.invokers.TestInvoker.invokeMethod(TestInvoker.java:687)
at org.testng.internal.invokers.TestInvoker.invokeTestMethod(TestInvoker.java:230)
at org.testng.internal.invokers.MethodRunner.runInSequence(MethodRunner.java:63)
at org.testng.internal.invokers.TestInvoker$MethodInvocationAgent.invoke(TestInvoker.java:995)
at org.testng.internal.invokers.TestInvoker.invokeTestMethods(TestInvoker.java:203)
at org.testng.internal.invokers.TestMethodWorker.invokeTestMethods(TestMethodWorker.java:154)
at org.testng.internal.invokers.TestMethodWorker.run(TestMethodWorker.java:134)
at java.base/java.util.concurrent.Executors$RunnableAdapter.call(Executors.java:572)
at java.base/java.util.concurrent.FutureTask.run(FutureTask.java:317)
at org.testng.internal.thread.graph.TestNGFutureTask.run(TestNGFutureTask.java:22)
at java.base/java.util.concurrent.ThreadPoolExecutor.runWorker(ThreadPoolExecutor.java:1144)
at java.base/java.util.concurrent.ThreadPoolExecutor$Worker.run(ThreadPoolExecutor.java:642)
at java.base/java.lang.Thread.run(Thread.java:1583)
]]>
    </failure>
  </testcase> <!-- check_ValidLoginWithSoftAssert -->
  <testcase classname="Tests.LoginTest" name="checkInvalidLoginWithMulipleSet" time="18.773"/>
  <testcase classname="Tests.LoginTest" name="checkInvalidLoginWithMulipleSet" time="18.305"/>
  <testcase classname="Tests.LoginTest" name="checkInvalidLoginWithMulipleSet" time="19.960"/>
  <testcase classname="Tests.LoginTest" name="checkInvalidLoginWithMulipleSet" time="20.691"/>
  <testcase classname="Tests.LoginTest" name="check_ValidLogin">
    <skipped/>
  </testcase> <!-- check_ValidLogin -->
  <testcase classname="Tests.LoginTest" name="check_LoginPageTitle">
    <skipped/>
  </testcase> <!-- check_LoginPageTitle -->
</testsuite> <!-- Tests.LoginTest -->
